Determining if the pthread_create exist failed with the following output:
Change Dir: /home/h2r/Desktop/SummerProject/demoStock/catkin_ws/build/CMakeFiles/CMakeTmp

Run Build Command:/usr/bin/make "cmTryCompileExec2315683040/fast"
/usr/bin/make -f CMakeFiles/cmTryCompileExec2315683040.dir/build.make CMakeFiles/cmTryCompileExec2315683040.dir/build
make[1]: Entering directory `/home/h2r/Desktop/SummerProject/demoStock/catkin_ws/build/CMakeFiles/CMakeTmp'
/usr/bin/cmake -E cmake_progress_report /home/h2r/Desktop/SummerProject/demoStock/catkin_ws/build/CMakeFiles/CMakeTmp/CMakeFiles 1
Building C object CMakeFiles/cmTryCompileExec2315683040.dir/CheckSymbolExists.c.o
/usr/bin/cc    -o CMakeFiles/cmTryCompileExec2315683040.dir/CheckSymbolExists.c.o   -c /home/h2r/Desktop/SummerProject/demoStock/catkin_ws/build/CMakeFiles/CMakeTmp/CheckSymbolExists.c
Linking C executable cmTryCompileExec2315683040
/usr/bin/cmake -E cmake_link_script CMakeFiles/cmTryCompileExec2315683040.dir/link.txt --verbose=1
/usr/bin/cc       CMakeFiles/cmTryCompileExec2315683040.dir/CheckSymbolExists.c.o  -o cmTryCompileExec2315683040 -rdynamic 
CMakeFiles/cmTryCompileExec2315683040.dir/CheckSymbolExists.c.o: In function `main':
CheckSymbolExists.c:(.text+0x16): undefined reference to `pthread_create'
collect2: error: ld returned 1 exit status
make[1]: Leaving directory `/home/h2r/Desktop/SummerProject/demoStock/catkin_ws/build/CMakeFiles/CMakeTmp'
make[1]: *** [cmTryCompileExec2315683040] Error 1
make: *** [cmTryCompileExec2315683040/fast] Error 2

File /home/h2r/Desktop/SummerProject/demoStock/catkin_ws/build/CMakeFiles/CMakeTmp/CheckSymbolExists.c:
/* */
#include <pthread.h>

int main(int argc, char** argv)
{
  (void)argv;
#ifndef pthread_create
  return ((int*)(&pthread_create))[argc];
#else
  (void)argc;
  return 0;
#endif
}

Determining if the function pthread_create exists in the pthreads failed with the following output:
Change Dir: /home/h2r/Desktop/SummerProject/demoStock/catkin_ws/build/CMakeFiles/CMakeTmp

Run Build Command:/usr/bin/make "cmTryCompileExec3388921321/fast"
/usr/bin/make -f CMakeFiles/cmTryCompileExec3388921321.dir/build.make CMakeFiles/cmTryCompileExec3388921321.dir/build
make[1]: Entering directory `/home/h2r/Desktop/SummerProject/demoStock/catkin_ws/build/CMakeFiles/CMakeTmp'
/usr/bin/cmake -E cmake_progress_report /home/h2r/Desktop/SummerProject/demoStock/catkin_ws/build/CMakeFiles/CMakeTmp/CMakeFiles 1
Building C object CMakeFiles/cmTryCompileExec3388921321.dir/CheckFunctionExists.c.o
/usr/bin/cc   -DCHECK_FUNCTION_EXISTS=pthread_create   -o CMakeFiles/cmTryCompileExec3388921321.dir/CheckFunctionExists.c.o   -c /usr/share/cmake-2.8/Modules/CheckFunctionExists.c
Linking C executable cmTryCompileExec3388921321
/usr/bin/cmake -E cmake_link_script CMakeFiles/cmTryCompileExec3388921321.dir/link.txt --verbose=1
/usr/bin/cc   -DCHECK_FUNCTION_EXISTS=pthread_create    CMakeFiles/cmTryCompileExec3388921321.dir/CheckFunctionExists.c.o  -o cmTryCompileExec3388921321 -rdynamic -lpthreads 
/usr/bin/ld: cannot find -lpthreads
collect2: error: ld returned 1 exit status
make[1]: *** [cmTryCompileExec3388921321] Error 1
make[1]: Leaving directory `/home/h2r/Desktop/SummerProject/demoStock/catkin_ws/build/CMakeFiles/CMakeTmp'
make: *** [cmTryCompileExec3388921321/fast] Error 2


Determining if the CL_VERSION_2_0 exist failed with the following output:
Change Dir: /home/h2r/Desktop/SummerProject/demoStock/catkin_ws/build/CMakeFiles/CMakeTmp

Run Build Command:/usr/bin/make "cmTryCompileExec3191854803/fast"
/usr/bin/make -f CMakeFiles/cmTryCompileExec3191854803.dir/build.make CMakeFiles/cmTryCompileExec3191854803.dir/build
make[1]: Entering directory `/home/h2r/Desktop/SummerProject/demoStock/catkin_ws/build/CMakeFiles/CMakeTmp'
/usr/bin/cmake -E cmake_progress_report /home/h2r/Desktop/SummerProject/demoStock/catkin_ws/build/CMakeFiles/CMakeTmp/CMakeFiles 1
Building C object CMakeFiles/cmTryCompileExec3191854803.dir/CheckSymbolExists.c.o
/usr/bin/cc    -o CMakeFiles/cmTryCompileExec3191854803.dir/CheckSymbolExists.c.o   -c /home/h2r/Desktop/SummerProject/demoStock/catkin_ws/build/CMakeFiles/CMakeTmp/CheckSymbolExists.c
/home/h2r/Desktop/SummerProject/demoStock/catkin_ws/build/CMakeFiles/CMakeTmp/CheckSymbolExists.c: In function ‘main’:
/home/h2r/Desktop/SummerProject/demoStock/catkin_ws/build/CMakeFiles/CMakeTmp/CheckSymbolExists.c:8:19: error: ‘CL_VERSION_2_0’ undeclared (first use in this function)
   return ((int*)(&CL_VERSION_2_0))[argc];
                   ^
/home/h2r/Desktop/SummerProject/demoStock/catkin_ws/build/CMakeFiles/CMakeTmp/CheckSymbolExists.c:8:19: note: each undeclared identifier is reported only once for each function it appears in
make[1]: Leaving directory `/home/h2r/Desktop/SummerProject/demoStock/catkin_ws/build/CMakeFiles/CMakeTmp'
make[1]: *** [CMakeFiles/cmTryCompileExec3191854803.dir/CheckSymbolExists.c.o] Error 1
make: *** [cmTryCompileExec3191854803/fast] Error 2

File /home/h2r/Desktop/SummerProject/demoStock/catkin_ws/build/CMakeFiles/CMakeTmp/CheckSymbolExists.c:
/* */
#include </usr/include/CL/cl.h>

int main(int argc, char** argv)
{
  (void)argv;
#ifndef CL_VERSION_2_0
  return ((int*)(&CL_VERSION_2_0))[argc];
#else
  (void)argc;
  return 0;
#endif
}

